[01:23:43] [main/INFO] (FabricLoader/GameProvider) Loading Minecraft 1.20.1 with Fabric Loader 0.15.10
[01:23:43] [ForkJoinPool-1-worker-1/WARN] (FabricLoader/Metadata) Mod thebebra uses the version 0.1PRE_ALPHA which isn't compatible with Loader's extended semantic version format (Could not parse version number component '1PRE_ALPHA'!), SemVer is recommended for reliably evaluating dependencies and prioritizing newer version
[01:23:43] [main/INFO] (FabricLoader) Loading 64 mods:
	- dummmmmmy 1.20-1.8.14
	- fabric-api 0.92.1+1.20.1
	- fabric-api-base 0.4.31+1802ada577
	- fabric-api-lookup-api-v1 1.6.36+1802ada577
	- fabric-biome-api-v1 13.0.13+1802ada577
	- fabric-block-api-v1 1.0.11+1802ada577
	- fabric-block-view-api-v2 1.0.1+1802ada577
	- fabric-blockrenderlayer-v1 1.1.41+1802ada577
	- fabric-client-tags-api-v1 1.1.2+1802ada577
	- fabric-command-api-v1 1.2.34+f71b366f77
	- fabric-command-api-v2 2.2.13+1802ada577
	- fabric-commands-v0 0.2.51+df3654b377
	- fabric-containers-v0 0.1.64+df3654b377
	- fabric-content-registries-v0 4.0.11+1802ada577
	- fabric-convention-tags-v1 1.5.5+1802ada577
	- fabric-crash-report-info-v1 0.2.19+1802ada577
	- fabric-data-attachment-api-v1 1.0.0+de0fd6d177
	- fabric-data-generation-api-v1 12.3.4+1802ada577
	- fabric-dimensions-v1 2.1.54+1802ada577
	- fabric-entity-events-v1 1.6.0+1c78457f77
	- fabric-events-interaction-v0 0.6.2+1802ada577
	- fabric-events-lifecycle-v0 0.2.63+df3654b377
	- fabric-game-rule-api-v1 1.0.40+1802ada577
	- fabric-gametest-api-v1 1.2.13+1802ada577
	- fabric-item-api-v1 2.1.28+1802ada577
	- fabric-item-group-api-v1 4.0.12+1802ada577
	- fabric-key-binding-api-v1 1.0.37+1802ada577
	- fabric-keybindings-v0 0.2.35+df3654b377
	- fabric-lifecycle-events-v1 2.2.22+1802ada577
	- fabric-loot-api-v2 1.2.1+1802ada577
	- fabric-loot-tables-v1 1.1.45+9e7660c677
	- fabric-message-api-v1 5.1.9+1802ada577
	- fabric-mining-level-api-v1 2.1.50+1802ada577
	- fabric-model-loading-api-v1 1.0.3+1802ada577
	- fabric-models-v0 0.4.2+9386d8a777
	- fabric-networking-api-v1 1.3.11+1802ada577
	- fabric-networking-v0 0.3.51+df3654b377
	- fabric-object-builder-api-v1 11.1.3+1802ada577
	- fabric-particles-v1 1.1.2+1802ada577
	- fabric-recipe-api-v1 1.0.21+1802ada577
	- fabric-registry-sync-v0 2.3.3+1802ada577
	- fabric-renderer-api-v1 3.2.1+1802ada577
	- fabric-renderer-indigo 1.5.1+1802ada577
	- fabric-renderer-registries-v1 3.2.46+df3654b377
	- fabric-rendering-data-attachment-v1 0.3.37+92a0d36777
	- fabric-rendering-fluids-v1 3.0.28+1802ada577
	- fabric-rendering-v0 1.1.49+df3654b377
	- fabric-rendering-v1 3.0.8+1802ada577
	- fabric-resource-conditions-api-v1 2.3.8+1802ada577
	- fabric-resource-loader-v0 0.11.10+1802ada577
	- fabric-screen-api-v1 2.0.8+1802ada577
	- fabric-screen-handler-api-v1 1.3.30+1802ada577
	- fabric-sound-api-v1 1.0.13+1802ada577
	- fabric-transfer-api-v1 3.3.5+8dd72ea377
	- fabric-transitive-access-wideners-v1 4.3.1+1802ada577
	- fabricloader 0.15.10
	- jade 11.8.0
	- java 17
	- jei 15.3.0.4
	- minecraft 1.20.1
	- mixinextras 0.3.5
	- modmenu 7.2.2
	- moonlight 1.20-2.11.12
	- thebebra 0.1PRE_ALPHA
[01:23:46] [main/INFO] (FabricLoader/Mixin) SpongePowered MIXIN Subsystem Version=0.8.5 Source=file:/C:/Users/ugala/.gradle/caches/modules-2/files-2.1/net.fabricmc/sponge-mixin/0.13.3+mixin.0.8.5/9527e6b0d2449408958fd1302594dc65ec5ade9c/sponge-mixin-0.13.3+mixin.0.8.5.jar Service=Knot/Fabric Env=CLIENT
[01:23:46] [main/INFO] (FabricLoader/Mixin) Loaded Fabric development mappings for mixin remapper!
[01:23:46] [main/INFO] (FabricLoader/Mixin) Compatibility level set to JAVA_17
[01:23:46] [main/WARN] (FabricLoader/Mixin) Reference map 'dummmmmmy-fabric-refmap.json' for dummmmmmy.mixins.json could not be read. If this is a development environment you can ignore this message
[01:23:48] [main/INFO] (FabricLoader/MixinExtras|Service) Initializing MixinExtras via com.llamalad7.mixinextras.service.MixinExtrasServiceImpl(version=0.3.5).
[01:23:48] [main/WARN] (PerfmonDisabled) Invalid registry value type detected for PerfOS counters. Should be REG_DWORD. Ignoring: HKEY_LOCAL_MACHINE\SYSTEM\CurrentControlSet\Services\PerfOS\Performance\Disable Performance Counters.
[01:23:53] [Datafixer Bootstrap/INFO] (Minecraft) 188 Datafixer optimizations took 133 milliseconds
[01:23:55] [Render thread/INFO] (Minecraft) Environment: authHost='https://authserver.mojang.com', accountsHost='https://api.mojang.com', sessionHost='https://sessionserver.mojang.com', servicesHost='https://api.minecraftservices.com', name='PROD'
[01:23:56] [Render thread/ERROR] (Minecraft) Failed to verify authentication
com.mojang.authlib.exceptions.InvalidCredentialsException: Status: 401
	at com.mojang.authlib.exceptions.MinecraftClientHttpException.toAuthenticationException(MinecraftClientHttpException.java:56) ~[authlib-4.0.43.jar:?]
	at com.mojang.authlib.yggdrasil.YggdrasilUserApiService.fetchProperties(YggdrasilUserApiService.java:156) ~[authlib-4.0.43.jar:?]
	at com.mojang.authlib.yggdrasil.YggdrasilUserApiService.<init>(YggdrasilUserApiService.java:55) ~[authlib-4.0.43.jar:?]
	at com.mojang.authlib.yggdrasil.YggdrasilAuthenticationService.createUserApiService(YggdrasilAuthenticationService.java:124) ~[authlib-4.0.43.jar:?]
	at net.minecraft.client.MinecraftClient.createUserApiService(MinecraftClient.java:733) ~[minecraft-merged-4060f3af86-1.20.1-net.fabricmc.yarn.1_20_1.1.20.1+build.10-v2.jar:?]
	at net.minecraft.client.MinecraftClient.<init>(MinecraftClient.java:442) ~[minecraft-merged-4060f3af86-1.20.1-net.fabricmc.yarn.1_20_1.1.20.1+build.10-v2.jar:?]
	at net.minecraft.client.main.Main.main(Main.java:211) ~[minecraft-merged-4060f3af86-1.20.1-net.fabricmc.yarn.1_20_1.1.20.1+build.10-v2.jar:?]
	at net.fabricmc.loader.impl.game.minecraft.MinecraftGameProvider.launch(MinecraftGameProvider.java:470) ~[fabric-loader-0.15.10.jar:?]
	at net.fabricmc.loader.impl.launch.knot.Knot.launch(Knot.java:74) ~[fabric-loader-0.15.10.jar:?]
	at net.fabricmc.loader.impl.launch.knot.KnotClient.main(KnotClient.java:23) ~[fabric-loader-0.15.10.jar:?]
	at net.fabricmc.devlaunchinjector.Main.main(Main.java:86) ~[dev-launch-injector-0.2.1+build.8.jar:?]
Caused by: com.mojang.authlib.exceptions.MinecraftClientHttpException: Status: 401
	at com.mojang.authlib.minecraft.client.MinecraftClient.readInputStream(MinecraftClient.java:85) ~[authlib-4.0.43.jar:?]
	at com.mojang.authlib.minecraft.client.MinecraftClient.get(MinecraftClient.java:48) ~[authlib-4.0.43.jar:?]
	at com.mojang.authlib.yggdrasil.YggdrasilUserApiService.fetchProperties(YggdrasilUserApiService.java:129) ~[authlib-4.0.43.jar:?]
	... 9 more
[01:23:56] [Render thread/INFO] (Minecraft) Setting user: Player648
[01:23:56] [Render thread/INFO] (thebebra) Register TheBebra Creative Tabs
[01:23:56] [Render thread/INFO] (thebebra) Register items TheBebra
[01:23:56] [Render thread/INFO] (Moonlight) Loaded config moonlight-client.json
[01:23:56] [Worker-Main-1/INFO] (Mod Menu/Update Checker) Checking mod updates...
[01:23:56] [Render thread/INFO] (Moonlight) Initialized block sets in 9ms
[01:23:56] [Render thread/ERROR] (Minecraft) No data fixer registered for target_dummy
[01:23:56] [Render thread/INFO] (Moonlight) Loaded config dummmmmmy-client.json
[01:23:56] [Render thread/INFO] (Moonlight) Loaded config dummmmmmy-common.json
[01:23:56] [Render thread/INFO] (Moonlight) Initialized color sets in 14ms
[01:23:56] [Render thread/INFO] (PluginCaller) Sending ConfigManager...
[01:23:56] [Render thread/INFO] (PluginCaller) Sending ConfigManager took 1.467 ms
[01:23:56] [Render thread/INFO] (Indigo) [Indigo] Registering Indigo renderer!
[01:23:57] [Render thread/INFO] (Minecraft) Backend library: LWJGL version 3.3.1 SNAPSHOT
[01:23:58] [Render thread/INFO] (Minecraft) Reloading ResourceManager: vanilla, fabric (thebebra, fabric-client-tags-api-v1, fabric-item-group-api-v1, fabric-data-attachment-api-v1, fabric-item-api-v1, fabric-api, fabric-commands-v0, fabric-renderer-api-v1, fabric-lifecycle-events-v1, fabric-particles-v1, fabric-keybindings-v0, fabric-gametest-api-v1, fabric-block-api-v1, fabric-resource-loader-v0, fabric-rendering-data-attachment-v1, fabric-transitive-access-wideners-v1, fabric-game-rule-api-v1, fabric-object-builder-api-v1, fabric-loot-api-v2, fabric-blockrenderlayer-v1, fabric-dimensions-v1, modmenu, fabric-entity-events-v1, moonlight, fabric-mining-level-api-v1, fabric-sound-api-v1, fabric-block-view-api-v2, fabric-message-api-v1, fabric-networking-v0, fabric-biome-api-v1, fabric-data-generation-api-v1, fabric-key-binding-api-v1, dummmmmmy, fabric-api-base, fabric-model-loading-api-v1, fabric-rendering-v1, fabric-command-api-v2, fabric-screen-api-v1, jei, fabric-loot-tables-v1, fabricloader, fabric-transfer-api-v1, fabric-recipe-api-v1, fabric-rendering-v0, fabric-crash-report-info-v1, fabric-renderer-registries-v1, fabric-renderer-indigo, fabric-containers-v0, fabric-api-lookup-api-v1, fabric-registry-sync-v0, fabric-command-api-v1, fabric-resource-conditions-api-v1, fabric-events-lifecycle-v0, fabric-rendering-fluids-v1, fabric-screen-handler-api-v1, jade, fabric-convention-tags-v1, fabric-events-interaction-v0, fabric-models-v0, fabric-networking-api-v1, fabric-content-registries-v0), Moonlight Mods Dynamic Assets
[01:23:58] [Render thread/INFO] (Moonlight) Generated runtime CLIENT_RESOURCES for pack Moonlight Mods Dynamic Assets (moonlight) in: 2 ms (debug resource dump on)
[01:23:58] [Worker-Main-10/INFO] (Minecraft) Found unifont_all_no_pua-15.0.06.hex, loading
[01:23:58] [Render thread/INFO] (Jade) Start loading plugin from Jade
[01:23:58] [Render thread/INFO] (Jade) Start loading plugin from Jade
[01:23:58] [Render thread/INFO] (Jade) Start loading plugin from Jade
[01:23:58] [Realms Notification Availability checker #1/INFO] (Minecraft) Could not authorize you against Realms server: Invalid session id
[01:23:58] [Worker-Main-11/WARN] (Minecraft) Unable to load model: 'thebebra:hipepsium_sword#inventory' referenced from: thebebra:hipepsium_sword#inventory: java.io.FileNotFoundException: thebebra:models/item/hipepsium_sword.json
[01:23:58] [Worker-Main-11/WARN] (Minecraft) Unable to load model: 'thebebra:hipepsium#inventory' referenced from: thebebra:hipepsium#inventory: java.io.FileNotFoundException: thebebra:models/item/hipepsium.json
[01:23:59] [Render thread/WARN] (Minecraft) Missing sound for event: minecraft:item.goat_horn.play
[01:23:59] [Render thread/WARN] (Minecraft) Missing sound for event: minecraft:entity.goat.screaming.horn_break
[01:23:59] [Render thread/INFO] (Minecraft) OpenAL initialized on device OpenAL Soft on Динамики (High Definition Audio Device)
[01:23:59] [Render thread/INFO] (Minecraft) Sound engine started
[01:23:59] [Render thread/INFO] (Minecraft) Created: 1024x512x4 minecraft:textures/atlas/blocks.png-atlas
[01:23:59] [Render thread/INFO] (Minecraft) Created: 256x256x4 minecraft:textures/atlas/signs.png-atlas
[01:23:59] [Render thread/INFO] (Minecraft) Created: 512x512x4 minecraft:textures/atlas/banner_patterns.png-atlas
[01:23:59] [Render thread/INFO] (Minecraft) Created: 512x512x4 minecraft:textures/atlas/shield_patterns.png-atlas
[01:23:59] [Render thread/INFO] (Minecraft) Created: 1024x1024x4 minecraft:textures/atlas/armor_trims.png-atlas
[01:23:59] [Render thread/INFO] (Minecraft) Created: 256x256x4 minecraft:textures/atlas/chest.png-atlas
[01:23:59] [Render thread/INFO] (Minecraft) Created: 128x64x4 minecraft:textures/atlas/decorated_pot.png-atlas
[01:23:59] [Render thread/INFO] (Minecraft) Created: 512x256x4 minecraft:textures/atlas/shulker_boxes.png-atlas
[01:23:59] [Render thread/INFO] (Minecraft) Created: 512x256x4 minecraft:textures/atlas/beds.png-atlas
[01:23:59] [Render thread/WARN] (Minecraft) Shader rendertype_entity_translucent_emissive could not find sampler named Sampler2 in the specified shader program.
[01:23:59] [Render thread/INFO] (Minecraft) Created: 256x256x0 minecraft:textures/atlas/particles.png-atlas
[01:23:59] [Render thread/INFO] (Minecraft) Created: 256x256x0 minecraft:textures/atlas/paintings.png-atlas
[01:23:59] [Render thread/INFO] (Minecraft) Created: 128x128x0 minecraft:textures/atlas/mob_effects.png-atlas
[01:23:59] [Render thread/INFO] (Minecraft) Created: 256x128x0 jei:textures/atlas/gui.png-atlas
[01:23:59] [Render thread/INFO] (Minecraft) Created: 256x256x0 moonlight:textures/atlas/map_markers.png-atlas
[01:24:10] [Render thread/INFO] (Minecraft) Loaded 7 recipes
[01:24:10] [Render thread/INFO] (Minecraft) Loaded 1272 advancements
[01:24:11] [Render thread/INFO] (ClientLifecycleHandler) Stopping JEI
[01:24:11] [Render thread/INFO] (JeiStarter) Stopping JEI
[01:24:11] [Render thread/INFO] (PluginCaller) Sending Runtime Unavailable...
[01:24:11] [Render thread/INFO] (FabricGuiPlugin) Stopping JEI GUI
[01:24:11] [Render thread/INFO] (PluginCaller) Sending Runtime Unavailable took 378.9 μs
[01:24:11] [Render thread/INFO] (BiomeModificationImpl) Applied 0 biome modifications to 0 of 64 new biomes in 1.176 ms
[01:24:11] [Server thread/INFO] (Minecraft) Starting integrated minecraft server version 1.20.1
[01:24:11] [Server thread/INFO] (Minecraft) Generating keypair
[01:24:12] [Server thread/INFO] (Minecraft) Preparing start region for dimension minecraft:overworld
[01:24:14] [Render thread/INFO] (Minecraft) Подготовка области возрождения: 0%
[01:24:14] [Render thread/INFO] (Minecraft) Подготовка области возрождения: 0%
[01:24:14] [Render thread/INFO] (Minecraft) Подготовка области возрождения: 0%
[01:24:14] [Render thread/INFO] (Minecraft) Подготовка области возрождения: 0%
[01:24:14] [Render thread/INFO] (Minecraft) Подготовка области возрождения: 0%
[01:24:14] [Render thread/INFO] (Minecraft) Подготовка области возрождения: 45%
[01:24:14] [Render thread/INFO] (Minecraft) Time elapsed: 2593 ms
[01:24:15] [Server thread/INFO] (Minecraft) Changing view distance to 12, from 10
[01:24:15] [Server thread/INFO] (Minecraft) Changing simulation distance to 12, from 0
[01:24:15] [Server thread/INFO] (Minecraft) Player648[local:E:71a5a870] logged in with entity id 183 at (-70.44405015261356, 77.3624718892792, 7.299243638018909)
[01:24:15] [Server thread/INFO] (Jade) Syncing config to Player648 (5234a5c3-20f2-3d6d-975b-3ec31fe1a944)
[01:24:15] [Server thread/INFO] (Minecraft) Player648 присоединился к игре
[01:24:16] [Render thread/INFO] (Jade) Received config from the server: 
[01:24:16] [Render thread/INFO] (LoggedTimer) Starting JEI...
[01:24:16] [Render thread/INFO] (PluginCaller) Registering item subtypes...
[01:24:16] [Render thread/INFO] (PluginCaller) Registering item subtypes took 3.863 ms
[01:24:16] [Render thread/INFO] (PluginCaller) Registering fluid subtypes...
[01:24:16] [Render thread/INFO] (PluginCaller) Registering fluid subtypes took 2.305 ms
[01:24:16] [Render thread/INFO] (PluginCaller) Registering ingredients...
[01:24:16] [Render thread/INFO] (PluginCallerTimerRunnable) Registering ingredients: jei:minecraft took 60.20 milliseconds
[01:24:16] [Render thread/INFO] (PluginCaller) Registering ingredients took 60.85 ms
[01:24:16] [Render thread/INFO] (PluginCaller) Registering categories...
[01:24:16] [Render thread/INFO] (PluginCallerTimerRunnable) Registering categories: jei:minecraft took 33.66 milliseconds
[01:24:16] [Render thread/INFO] (PluginCaller) Registering categories took 35.66 ms
[01:24:16] [Render thread/INFO] (PluginCaller) Registering vanilla category extensions...
[01:24:16] [Render thread/INFO] (PluginCallerTimerRunnable) Registering vanilla category extensions: jei:minecraft took 23.74 milliseconds
[01:24:16] [Render thread/INFO] (PluginCaller) Registering vanilla category extensions took 24.41 ms
[01:24:16] [Render thread/INFO] (PluginCaller) Registering recipe catalysts...
[01:24:16] [Render thread/INFO] (PluginCaller) Registering recipe catalysts took 839.5 μs
[01:24:16] [Render thread/INFO] (PluginCaller) Registering advanced plugins...
[01:24:16] [Render thread/INFO] (PluginCaller) Registering advanced plugins took 367.1 μs
[01:24:16] [Render thread/INFO] (LoggedTimer) Building recipe registry...
[01:24:16] [Render thread/INFO] (LoggedTimer) Building recipe registry took 12.84 ms
[01:24:16] [Render thread/INFO] (PluginCaller) Registering recipes...
[01:24:16] [Render thread/INFO] (PluginCallerTimerRunnable) Registering recipes: jei:minecraft took 202.1 milliseconds
[01:24:16] [Render thread/INFO] (PluginCaller) Registering recipes took 202.8 ms
[01:24:16] [Render thread/INFO] (PluginCaller) Registering recipes transfer handlers...
[01:24:16] [Render thread/INFO] (PluginCaller) Registering recipes transfer handlers took 2.814 ms
[01:24:16] [Render thread/INFO] (LoggedTimer) Building runtime...
[01:24:16] [Render thread/INFO] (PluginCaller) Registering gui handlers...
[01:24:16] [Render thread/INFO] (PluginCaller) Registering gui handlers took 13.66 ms
[01:24:16] [Render thread/INFO] (PluginCaller) Registering Runtime...
[01:24:16] [Render thread/INFO] (JeiGuiStarter) Starting JEI GUI
[01:24:16] [Render thread/INFO] (LoggedTimer) Building ingredient list...
[01:24:16] [Render thread/INFO] (LoggedTimer) Building ingredient list took 2.412 ms
[01:24:16] [Render thread/INFO] (LoggedTimer) Building ingredient filter...
[01:24:16] [Render thread/INFO] (IngredientFilter) Adding 1528 ingredients
[01:24:16] [Render thread/INFO] (IngredientFilter) Added 1528 ingredients
[01:24:16] [Render thread/INFO] (LoggedTimer) Building ingredient filter took 206.2 ms
[01:24:17] [Render thread/INFO] (PluginCallerTimerRunnable) Registering Runtime: jei:fabric_gui took 292.4 milliseconds
[01:24:17] [Render thread/INFO] (PluginCaller) Registering Runtime took 293.0 ms
[01:24:17] [Render thread/INFO] (LoggedTimer) Building runtime took 330.9 ms
[01:24:17] [Render thread/INFO] (PluginCaller) Sending Runtime...
[01:24:17] [Render thread/INFO] (PluginCaller) Sending Runtime took 316.0 μs
[01:24:17] [Render thread/INFO] (LoggedTimer) Starting JEI took 745.5 ms
[01:24:17] [Render thread/INFO] (Minecraft) Loaded 2 advancements
[01:24:21] [Server thread/INFO] (Minecraft) Saving and pausing game...
[01:24:21] [Server thread/INFO] (Minecraft) Saving chunks for level 'ServerLevel[New World]'/minecraft:overworld
[01:24:21] [Server thread/INFO] (Minecraft) Saving chunks for level 'ServerLevel[New World]'/minecraft:the_end
[01:24:21] [Server thread/INFO] (Minecraft) Saving chunks for level 'ServerLevel[New World]'/minecraft:the_nether
[01:24:22] [Render thread/INFO] (ClientLifecycleHandler) Stopping JEI
[01:24:22] [Render thread/INFO] (JeiStarter) Stopping JEI
[01:24:22] [Render thread/INFO] (PluginCaller) Sending Runtime Unavailable...
[01:24:22] [Render thread/INFO] (FabricGuiPlugin) Stopping JEI GUI
[01:24:22] [Render thread/INFO] (PluginCaller) Sending Runtime Unavailable took 378.6 μs
[01:24:22] [Server thread/INFO] (Minecraft) Player648 lost connection: Отключение
[01:24:22] [Server thread/INFO] (Minecraft) Player648 покинул игру
[01:24:22] [Server thread/INFO] (Minecraft) Stopping singleplayer server as player logged out
[01:24:22] [Server thread/INFO] (Minecraft) Stopping server
[01:24:22] [Server thread/INFO] (Minecraft) Saving players
[01:24:22] [Server thread/INFO] (Minecraft) Saving worlds
[01:24:22] [Server thread/INFO] (Minecraft) Saving chunks for level 'ServerLevel[New World]'/minecraft:overworld
[01:24:22] [Server thread/INFO] (Minecraft) Saving chunks for level 'ServerLevel[New World]'/minecraft:the_end
[01:24:22] [Server thread/INFO] (Minecraft) Saving chunks for level 'ServerLevel[New World]'/minecraft:the_nether
[01:24:22] [Server thread/INFO] (Minecraft) ThreadedAnvilChunkStorage (New World): All chunks are saved
[01:24:22] [Server thread/INFO] (Minecraft) ThreadedAnvilChunkStorage (DIM1): All chunks are saved
[01:24:22] [Server thread/INFO] (Minecraft) ThreadedAnvilChunkStorage (DIM-1): All chunks are saved
[01:24:22] [Server thread/INFO] (Minecraft) ThreadedAnvilChunkStorage: All dimensions are saved
[01:24:23] [Render thread/INFO] (Minecraft) Stopping!
[01:24:23] [Render thread/INFO] (ClientLifecycleHandler) Stopping JEI
[01:24:23] [Render thread/INFO] (JeiStarter) Stopping JEI
[01:24:23] [Render thread/INFO] (PluginCaller) Sending Runtime Unavailable...
[01:24:23] [Render thread/INFO] (FabricGuiPlugin) Stopping JEI GUI
[01:24:23] [Render thread/INFO] (PluginCaller) Sending Runtime Unavailable took 365.6 μs
